2020-10-06T21:46:19.205Z - Create Progress: 2190000 |  40.475966069745525% | Synchronizing
2020-10-06T21:55:31.410Z - Opening Progress: 2190000 |  40.4702445460114% | Synchronizing
2020-10-06T21:59:45.964Z - Create Progress: 2200000 |  87.60131950989633% | Synchronizing
2020-10-06T22:07:55.356Z - Opening Progress: 2200000 |  87.5889365311219% | Synchronizing
2020-10-06T22:33:40.213Z - Create Progress: 2190000 |  38.73638344226579% | Synchronizing
2020-10-06T22:47:09.724Z - Opening Progress: 2190000 |  38.72513431102077% | Synchronizing
2020-10-06T23:14:25.043Z - Into the Get Transcation Method for walletJKokyAOFkONpUFQxjZFPyZHCPwHEQGiY
2020-10-06T23:24:43.806Z - Opening Progress: 2190000 |  38.68207309998066% | Synchronizing
2020-10-06T23:27:03.313Z - Opening Progress: 2190000 |  38.68207309998066% | Synchronizing
2020-10-06T23:28:27.962Z - Into the Get Transcation Method for walletJKokyAOFkONpUFQxjZFPyZHCPwHEQGiY
2020-10-06T23:37:21.799Z - Opening Progress: 2200000 |  87.02862115644943% | Synchronizing
2020-10-06T23:48:25.444Z - Opening Progress: 2190000 |  38.663380690055085% | Synchronizing
2020-10-07T00:01:38.486Z - Into the Get Transcation Method for walletJKokyAOFkONpUFQxjZFPyZHCPwHEQGiY
2020-10-07T00:05:43.365Z - Into the Get Transcation Method for walletJKokyAOFkONpUFQxjZFPyZHCPwHEQGiY
2020-10-07T00:09:39.509Z - Into the Get Transcation Method for walletJOLMRmLkhmuFYvMFYcNNNYsOIPFJbvSFZNh
2020-10-07T00:12:48.431Z - Into the Get Transcation Method for walletJKokyAOFkONpUFQxjZFPyZHCPwHEQGiY
2020-10-07T00:23:00.250Z - Opening Progress: 2190000 |  38.63724164574078% | Synchronizing
2020-10-07T00:44:14.589Z - Opening Progress: 2200000 |  86.92775738844891% | Synchronizing
2020-10-07T00:46:08.382Z - Transactions fetched
2020-10-07T00:46:08.802Z - Transactions fetched
2020-10-07T03:37:37.444Z - Into the Get Transcation Method for walletJKokyAOFkONpUFQxjZFPyZHCPwHEQGiY
2020-10-07T03:37:38.171Z - Transactions fetched
2020-10-07T03:47:26.242Z - Into the Get Transcation Method for walletJKokyAOFkONpUFQxjZFPyZHCPwHEQGiY
2020-10-07T03:47:26.418Z - Transactions fetched
2020-10-07T03:54:45.660Z - Into the Get Transcation Method for walletJKokyAOFkONpUFQxjZFPyZHCPwHEQGiY
2020-10-07T03:54:48.580Z - Transactions fetched
2020-10-07T03:59:55.911Z - Into the Get Transcation Method for walletJKokyAOFkONpUFQxjZFPyZHCPwHEQGiY
2020-10-07T03:59:56.688Z - Transactions fetched
2020-10-07T04:06:00.472Z - Into the Get Transcation Method for walletJKokyAOFkONpUFQxjZFPyZHCPwHEQGiY
2020-10-07T04:06:01.318Z - Transactions fetched
2020-10-07T04:08:04.906Z - Into the Get Transcation Method for walletJKokyAOFkONpUFQxjZFPyZHCPwHEQGiY
2020-10-07T04:08:05.105Z - Transactions fetched
2020-10-07T04:12:48.677Z - Into the Get Transcation Method for walletJKokyAOFkONpUFQxjZFPyZHCPwHEQGiY
2020-10-07T04:12:53.242Z - Transactions fetched
2020-10-07T04:53:18.116Z - Into the Get Transcation Method for walletJKokyAOFkONpUFQxjZFPyZHCPwHEQGiY
2020-10-07T04:53:18.817Z - Transactions fetched
2020-10-07T04:55:48.909Z - Into the Get Transcation Method for walletJOLMRmLkhmuFYvMFYcNNNYsOIPFJbvSFZNh
2020-10-07T04:55:49.309Z - Transactions fetched
2020-10-09T19:58:04.445Z - opened Wallet from moerojs is[object Object]
2020-10-09T19:58:05.041Z - mnemonic from moerojs isrally distance gemstone diplomat victim gnaw urchins upwards imagine lipstick cedar aunt border berries push evicted push fugitive natural etiquette arises puppy dogs eden diplomat
2020-10-09T20:00:51.172Z - Progess: 2204792 |  100% | Synchronizing
2020-10-09T20:00:54.202Z - opened Wallet from moerojs is[object Object]
2020-10-09T20:00:54.203Z - mnemonic from moerojs ismugged unbending wiring fever roomy slug kiwi envy public peaches goodbye roped hickory dodge guide pests trolling haggled slid serving bikini moat muppet oatmeal serving
2020-10-09T20:01:39.005Z - opened Wallet from moerojs is[object Object]
2020-10-09T20:01:39.673Z - mnemonic from moerojs isrally distance gemstone diplomat victim gnaw urchins upwards imagine lipstick cedar aunt border berries push evicted push fugitive natural etiquette arises puppy dogs eden diplomat
2020-10-09T20:01:52.619Z - opened Wallet from moerojs is[object Object]
2020-10-09T20:01:52.624Z - mnemonic from moerojs ismugged unbending wiring fever roomy slug kiwi envy public peaches goodbye roped hickory dodge guide pests trolling haggled slid serving bikini moat muppet oatmeal serving
2020-10-09T20:02:30.628Z - opened Wallet from moerojs is[object Object]
2020-10-09T20:02:30.633Z - mnemonic from moerojs isaided update gulp ungainly hacksaw tissue cucumber knuckle richly dosage godfather taboo exit menu navy lofty pause tipsy hobby doing ripped tawny nutshell pawnshop cucumber
2020-10-09T20:03:48.291Z - opened Wallet from moerojs is[object Object]
2020-10-09T20:03:48.842Z - mnemonic from moerojs isrally distance gemstone diplomat victim gnaw urchins upwards imagine lipstick cedar aunt border berries push evicted push fugitive natural etiquette arises puppy dogs eden diplomat
2020-10-09T20:06:22.444Z - Progess: 2204793 |  100% | Synchronizing
2020-10-09T20:06:25.254Z - opened Wallet from moerojs is[object Object]
2020-10-09T20:06:25.255Z - mnemonic from moerojs ismugged unbending wiring fever roomy slug kiwi envy public peaches goodbye roped hickory dodge guide pests trolling haggled slid serving bikini moat muppet oatmeal serving
2020-10-09T20:08:44.782Z - opened Wallet from moerojs is[object Object]
2020-10-09T20:08:45.729Z - mnemonic from moerojs isrally distance gemstone diplomat victim gnaw urchins upwards imagine lipstick cedar aunt border berries push evicted push fugitive natural etiquette arises puppy dogs eden diplomat
2020-10-09T20:08:49.031Z - opened Wallet from moerojs is[object Object]
2020-10-09T20:08:49.034Z - mnemonic from moerojs ismugged unbending wiring fever roomy slug kiwi envy public peaches goodbye roped hickory dodge guide pests trolling haggled slid serving bikini moat muppet oatmeal serving
2020-10-09T20:08:52.353Z - opened Wallet from moerojs is[object Object]
2020-10-09T20:08:52.355Z - mnemonic from moerojs isaided update gulp ungainly hacksaw tissue cucumber knuckle richly dosage godfather taboo exit menu navy lofty pause tipsy hobby doing ripped tawny nutshell pawnshop cucumber
2020-10-09T20:40:57.298Z - Into the Get Transcation Method for walletJKokyAOFkONpUFQxjZFPyZHCPwHEQGiY
2020-10-09T20:41:00.530Z - Transactions fetched
2020-10-09T20:45:07.395Z - opened Wallet from moerojs is[object Object]
2020-10-09T20:45:08.939Z - mnemonic from moerojs isrally distance gemstone diplomat victim gnaw urchins upwards imagine lipstick cedar aunt border berries push evicted push fugitive natural etiquette arises puppy dogs eden diplomat
2020-10-09T20:45:14.280Z - opened Wallet from moerojs is[object Object]
2020-10-09T20:45:14.281Z - mnemonic from moerojs ismugged unbending wiring fever roomy slug kiwi envy public peaches goodbye roped hickory dodge guide pests trolling haggled slid serving bikini moat muppet oatmeal serving
2020-10-09T20:45:19.773Z - opened Wallet from moerojs is[object Object]
2020-10-09T20:45:19.774Z - mnemonic from moerojs isaided update gulp ungainly hacksaw tissue cucumber knuckle richly dosage godfather taboo exit menu navy lofty pause tipsy hobby doing ripped tawny nutshell pawnshop cucumber
2020-10-09T20:47:05.104Z - opened Wallet from moerojs is[object Object]
2020-10-09T20:47:05.799Z - mnemonic from moerojs isrally distance gemstone diplomat victim gnaw urchins upwards imagine lipstick cedar aunt border berries push evicted push fugitive natural etiquette arises puppy dogs eden diplomat
2020-10-09T20:47:09.267Z - opened Wallet from moerojs is[object Object]
2020-10-09T20:47:09.268Z - mnemonic from moerojs ismugged unbending wiring fever roomy slug kiwi envy public peaches goodbye roped hickory dodge guide pests trolling haggled slid serving bikini moat muppet oatmeal serving
2020-10-09T20:47:12.362Z - opened Wallet from moerojs is[object Object]
2020-10-09T20:47:12.363Z - mnemonic from moerojs isaided update gulp ungainly hacksaw tissue cucumber knuckle richly dosage godfather taboo exit menu navy lofty pause tipsy hobby doing ripped tawny nutshell pawnshop cucumber
2020-10-09T20:47:28.608Z - Into the Get Transcation Method for walletJKokyAOFkONpUFQxjZFPyZHCPwHEQGiY
2020-10-09T20:55:52.327Z - opened Wallet from moerojs is[object Object]
2020-10-09T20:55:54.108Z - mnemonic from moerojs isrally distance gemstone diplomat victim gnaw urchins upwards imagine lipstick cedar aunt border berries push evicted push fugitive natural etiquette arises puppy dogs eden diplomat
2020-10-09T20:55:59.746Z - opened Wallet from moerojs is[object Object]
2020-10-09T20:55:59.747Z - mnemonic from moerojs ismugged unbending wiring fever roomy slug kiwi envy public peaches goodbye roped hickory dodge guide pests trolling haggled slid serving bikini moat muppet oatmeal serving
2020-10-09T20:56:05.407Z - opened Wallet from moerojs is[object Object]
2020-10-09T20:56:05.408Z - mnemonic from moerojs isaided update gulp ungainly hacksaw tissue cucumber knuckle richly dosage godfather taboo exit menu navy lofty pause tipsy hobby doing ripped tawny nutshell pawnshop cucumber
2020-10-09T21:00:59.907Z - mnemonic from moerojs isrally distance gemstone diplomat victim gnaw urchins upwards imagine lipstick cedar aunt border berries push evicted push fugitive natural etiquette arises puppy dogs eden diplomat
2020-10-09T21:01:05.167Z - mnemonic from moerojs ismugged unbending wiring fever roomy slug kiwi envy public peaches goodbye roped hickory dodge guide pests trolling haggled slid serving bikini moat muppet oatmeal serving
2020-10-09T21:01:10.430Z - mnemonic from moerojs isaided update gulp ungainly hacksaw tissue cucumber knuckle richly dosage godfather taboo exit menu navy lofty pause tipsy hobby doing ripped tawny nutshell pawnshop cucumber
2020-10-09T21:01:12.963Z - Into the sync wallets calls
2020-10-09T21:04:02.019Z - mnemonic from moerojs isrally distance gemstone diplomat victim gnaw urchins upwards imagine lipstick cedar aunt border berries push evicted push fugitive natural etiquette arises puppy dogs eden diplomat
2020-10-09T21:04:07.440Z - mnemonic from moerojs ismugged unbending wiring fever roomy slug kiwi envy public peaches goodbye roped hickory dodge guide pests trolling haggled slid serving bikini moat muppet oatmeal serving
2020-10-09T21:04:12.602Z - mnemonic from moerojs isaided update gulp ungainly hacksaw tissue cucumber knuckle richly dosage godfather taboo exit menu navy lofty pause tipsy hobby doing ripped tawny nutshell pawnshop cucumber
2020-10-09T21:06:53.704Z - mnemonic from moerojs isrally distance gemstone diplomat victim gnaw urchins upwards imagine lipstick cedar aunt border berries push evicted push fugitive natural etiquette arises puppy dogs eden diplomat
2020-10-09T21:06:56.732Z - mnemonic from moerojs ismugged unbending wiring fever roomy slug kiwi envy public peaches goodbye roped hickory dodge guide pests trolling haggled slid serving bikini moat muppet oatmeal serving
2020-10-09T21:06:59.919Z - mnemonic from moerojs isaided update gulp ungainly hacksaw tissue cucumber knuckle richly dosage godfather taboo exit menu navy lofty pause tipsy hobby doing ripped tawny nutshell pawnshop cucumber
2020-10-09T21:07:00.857Z - Into the sync wallets calls
2020-10-09T21:12:43.186Z - mnemonic from moerojs isrally distance gemstone diplomat victim gnaw urchins upwards imagine lipstick cedar aunt border berries push evicted push fugitive natural etiquette arises puppy dogs eden diplomat
2020-10-09T21:12:45.526Z - mnemonic from moerojs ismugged unbending wiring fever roomy slug kiwi envy public peaches goodbye roped hickory dodge guide pests trolling haggled slid serving bikini moat muppet oatmeal serving
2020-10-09T21:12:47.795Z - mnemonic from moerojs isaided update gulp ungainly hacksaw tissue cucumber knuckle richly dosage godfather taboo exit menu navy lofty pause tipsy hobby doing ripped tawny nutshell pawnshop cucumber
2020-10-09T21:12:48.340Z - Into the sync wallets calls
2020-10-09T21:19:11.884Z - mnemonic from moerojs isrally distance gemstone diplomat victim gnaw urchins upwards imagine lipstick cedar aunt border berries push evicted push fugitive natural etiquette arises puppy dogs eden diplomat
2020-10-09T21:19:16.417Z - mnemonic from moerojs ismugged unbending wiring fever roomy slug kiwi envy public peaches goodbye roped hickory dodge guide pests trolling haggled slid serving bikini moat muppet oatmeal serving
2020-10-09T21:19:20.852Z - mnemonic from moerojs isaided update gulp ungainly hacksaw tissue cucumber knuckle richly dosage godfather taboo exit menu navy lofty pause tipsy hobby doing ripped tawny nutshell pawnshop cucumber
2020-10-09T21:19:22.908Z - Into the sync wallets calls
2020-10-09T21:20:38.617Z - mnemonic from moerojs isrally distance gemstone diplomat victim gnaw urchins upwards imagine lipstick cedar aunt border berries push evicted push fugitive natural etiquette arises puppy dogs eden diplomat
2020-10-09T21:21:25.061Z - mnemonic from moerojs isrally distance gemstone diplomat victim gnaw urchins upwards imagine lipstick cedar aunt border berries push evicted push fugitive natural etiquette arises puppy dogs eden diplomat
2020-10-09T21:21:30.524Z - mnemonic from moerojs ismugged unbending wiring fever roomy slug kiwi envy public peaches goodbye roped hickory dodge guide pests trolling haggled slid serving bikini moat muppet oatmeal serving
2020-10-09T21:21:35.870Z - mnemonic from moerojs isaided update gulp ungainly hacksaw tissue cucumber knuckle richly dosage godfather taboo exit menu navy lofty pause tipsy hobby doing ripped tawny nutshell pawnshop cucumber
2020-10-09T21:21:38.886Z - Into the sync wallets calls
2020-10-09T21:31:00.846Z - mnemonic from moerojs isrally distance gemstone diplomat victim gnaw urchins upwards imagine lipstick cedar aunt border berries push evicted push fugitive natural etiquette arises puppy dogs eden diplomat
2020-10-09T21:31:03.377Z - mnemonic from moerojs ismugged unbending wiring fever roomy slug kiwi envy public peaches goodbye roped hickory dodge guide pests trolling haggled slid serving bikini moat muppet oatmeal serving
2020-10-09T21:31:05.818Z - mnemonic from moerojs isaided update gulp ungainly hacksaw tissue cucumber knuckle richly dosage godfather taboo exit menu navy lofty pause tipsy hobby doing ripped tawny nutshell pawnshop cucumber
2020-10-09T21:37:56.796Z - mnemonic from moerojs isrally distance gemstone diplomat victim gnaw urchins upwards imagine lipstick cedar aunt border berries push evicted push fugitive natural etiquette arises puppy dogs eden diplomat
2020-10-09T21:37:59.811Z - mnemonic from moerojs ismugged unbending wiring fever roomy slug kiwi envy public peaches goodbye roped hickory dodge guide pests trolling haggled slid serving bikini moat muppet oatmeal serving
2020-10-09T21:38:03.051Z - mnemonic from moerojs isaided update gulp ungainly hacksaw tissue cucumber knuckle richly dosage godfather taboo exit menu navy lofty pause tipsy hobby doing ripped tawny nutshell pawnshop cucumber
2020-10-09T21:39:32.880Z - Into the Get Transcation Method for walletJKokyAOFkONpUFQxjZFPyZHCPwHEQGiY
2020-10-09T21:39:33.833Z - Transactions fetched
2020-10-09T21:39:47.740Z - Into the Get Transcation Method for walletJOLMRmLkhmuFYvMFYcNNNYsOIPFJbvSFZNh
2020-10-09T21:39:48.683Z - Transactions fetched
2020-10-11T19:12:12.954Z - mnemonic from moerojs isrally distance gemstone diplomat victim gnaw urchins upwards imagine lipstick cedar aunt border berries push evicted push fugitive natural etiquette arises puppy dogs eden diplomat
2020-10-11T19:12:17.604Z - mnemonic from moerojs ismugged unbending wiring fever roomy slug kiwi envy public peaches goodbye roped hickory dodge guide pests trolling haggled slid serving bikini moat muppet oatmeal serving
2020-10-11T19:12:21.586Z - mnemonic from moerojs isaided update gulp ungainly hacksaw tissue cucumber knuckle richly dosage godfather taboo exit menu navy lofty pause tipsy hobby doing ripped tawny nutshell pawnshop cucumber
2020-10-11T19:12:23.031Z - Into the sync wallets calls
2020-10-11T19:14:27.256Z - mnemonic from moerojs isrally distance gemstone diplomat victim gnaw urchins upwards imagine lipstick cedar aunt border berries push evicted push fugitive natural etiquette arises puppy dogs eden diplomat
2020-10-11T19:14:31.705Z - mnemonic from moerojs ismugged unbending wiring fever roomy slug kiwi envy public peaches goodbye roped hickory dodge guide pests trolling haggled slid serving bikini moat muppet oatmeal serving
2020-10-11T19:14:36.264Z - mnemonic from moerojs isaided update gulp ungainly hacksaw tissue cucumber knuckle richly dosage godfather taboo exit menu navy lofty pause tipsy hobby doing ripped tawny nutshell pawnshop cucumber
2020-10-11T19:14:38.219Z - Into the sync wallets calls
2020-10-11T19:21:26.262Z - mnemonic from moerojs isrally distance gemstone diplomat victim gnaw urchins upwards imagine lipstick cedar aunt border berries push evicted push fugitive natural etiquette arises puppy dogs eden diplomat
2020-10-11T19:21:30.311Z - mnemonic from moerojs ismugged unbending wiring fever roomy slug kiwi envy public peaches goodbye roped hickory dodge guide pests trolling haggled slid serving bikini moat muppet oatmeal serving
2020-10-11T19:21:34.132Z - mnemonic from moerojs isaided update gulp ungainly hacksaw tissue cucumber knuckle richly dosage godfather taboo exit menu navy lofty pause tipsy hobby doing ripped tawny nutshell pawnshop cucumber
2020-10-11T19:21:35.078Z - Into the sync wallets calls
2020-10-11T19:57:36.305Z - mnemonic from moerojs isrally distance gemstone diplomat victim gnaw urchins upwards imagine lipstick cedar aunt border berries push evicted push fugitive natural etiquette arises puppy dogs eden diplomat
2020-10-11T19:57:39.821Z - mnemonic from moerojs ismugged unbending wiring fever roomy slug kiwi envy public peaches goodbye roped hickory dodge guide pests trolling haggled slid serving bikini moat muppet oatmeal serving
2020-10-11T19:57:42.577Z - mnemonic from moerojs isaided update gulp ungainly hacksaw tissue cucumber knuckle richly dosage godfather taboo exit menu navy lofty pause tipsy hobby doing ripped tawny nutshell pawnshop cucumber
2020-10-11T19:59:13.560Z - mnemonic from moerojs isrally distance gemstone diplomat victim gnaw urchins upwards imagine lipstick cedar aunt border berries push evicted push fugitive natural etiquette arises puppy dogs eden diplomat
2020-10-11T19:59:16.480Z - mnemonic from moerojs ismugged unbending wiring fever roomy slug kiwi envy public peaches goodbye roped hickory dodge guide pests trolling haggled slid serving bikini moat muppet oatmeal serving
2020-10-11T19:59:19.375Z - mnemonic from moerojs isaided update gulp ungainly hacksaw tissue cucumber knuckle richly dosage godfather taboo exit menu navy lofty pause tipsy hobby doing ripped tawny nutshell pawnshop cucumber
2020-10-11T19:59:20.247Z - Into the sync wallets calls
2020-10-11T20:12:40.640Z - mnemonic from moerojs isrally distance gemstone diplomat victim gnaw urchins upwards imagine lipstick cedar aunt border berries push evicted push fugitive natural etiquette arises puppy dogs eden diplomat
2020-10-11T20:12:48.002Z - mnemonic from moerojs ismugged unbending wiring fever roomy slug kiwi envy public peaches goodbye roped hickory dodge guide pests trolling haggled slid serving bikini moat muppet oatmeal serving
2020-10-11T20:12:52.405Z - mnemonic from moerojs isaided update gulp ungainly hacksaw tissue cucumber knuckle richly dosage godfather taboo exit menu navy lofty pause tipsy hobby doing ripped tawny nutshell pawnshop cucumber
2020-10-11T20:12:54.871Z - Into the sync wallets calls
2020-10-11T20:19:50.870Z - mnemonic from moerojs isrally distance gemstone diplomat victim gnaw urchins upwards imagine lipstick cedar aunt border berries push evicted push fugitive natural etiquette arises puppy dogs eden diplomat
2020-10-11T20:19:52.980Z - mnemonic from moerojs ismugged unbending wiring fever roomy slug kiwi envy public peaches goodbye roped hickory dodge guide pests trolling haggled slid serving bikini moat muppet oatmeal serving
2020-10-11T20:19:55.075Z - mnemonic from moerojs isaided update gulp ungainly hacksaw tissue cucumber knuckle richly dosage godfather taboo exit menu navy lofty pause tipsy hobby doing ripped tawny nutshell pawnshop cucumber
2020-10-11T20:19:55.497Z - Into the sync wallets calls
2020-10-11T20:40:02.643Z - mnemonic from moerojs isrally distance gemstone diplomat victim gnaw urchins upwards imagine lipstick cedar aunt border berries push evicted push fugitive natural etiquette arises puppy dogs eden diplomat
2020-10-11T20:40:06.010Z - mnemonic from moerojs ismugged unbending wiring fever roomy slug kiwi envy public peaches goodbye roped hickory dodge guide pests trolling haggled slid serving bikini moat muppet oatmeal serving
2020-10-11T20:40:09.287Z - mnemonic from moerojs isaided update gulp ungainly hacksaw tissue cucumber knuckle richly dosage godfather taboo exit menu navy lofty pause tipsy hobby doing ripped tawny nutshell pawnshop cucumber
2020-10-11T20:40:10.690Z - Into the sync wallets calls
2020-10-11T20:41:46.683Z - mnemonic from moerojs isrally distance gemstone diplomat victim gnaw urchins upwards imagine lipstick cedar aunt border berries push evicted push fugitive natural etiquette arises puppy dogs eden diplomat
2020-10-11T20:42:32.494Z - mnemonic from moerojs isrally distance gemstone diplomat victim gnaw urchins upwards imagine lipstick cedar aunt border berries push evicted push fugitive natural etiquette arises puppy dogs eden diplomat
2020-10-11T20:42:35.666Z - mnemonic from moerojs ismugged unbending wiring fever roomy slug kiwi envy public peaches goodbye roped hickory dodge guide pests trolling haggled slid serving bikini moat muppet oatmeal serving
2020-10-11T20:42:38.567Z - mnemonic from moerojs isaided update gulp ungainly hacksaw tissue cucumber knuckle richly dosage godfather taboo exit menu navy lofty pause tipsy hobby doing ripped tawny nutshell pawnshop cucumber
2020-10-11T20:42:39.633Z - Into the sync wallets calls
2020-10-11T21:02:12.263Z - mnemonic from moerojs isrally distance gemstone diplomat victim gnaw urchins upwards imagine lipstick cedar aunt border berries push evicted push fugitive natural etiquette arises puppy dogs eden diplomat
2020-10-11T21:02:14.961Z - mnemonic from moerojs ismugged unbending wiring fever roomy slug kiwi envy public peaches goodbye roped hickory dodge guide pests trolling haggled slid serving bikini moat muppet oatmeal serving
2020-10-11T21:02:17.634Z - mnemonic from moerojs isaided update gulp ungainly hacksaw tissue cucumber knuckle richly dosage godfather taboo exit menu navy lofty pause tipsy hobby doing ripped tawny nutshell pawnshop cucumber
2020-10-11T21:02:18.441Z - Into the sync wallets calls
2020-10-11T21:02:18.504Z - Opened Wallets exists for sure
2020-10-11T21:02:18.505Z - Into the sync wallets calls and props isrally distance gemstone diplomat victim gnaw urchins upwards imagine lipstick cedar aunt border berries push evicted push fugitive natural etiquette arises puppy dogs eden diplomat
2020-10-11T21:02:18.513Z - Into the sync wallets calls and props isrally distance gemstone diplomat victim gnaw urchins upwards imagine lipstick cedar aunt border berries push evicted push fugitive natural etiquette arises puppy dogs eden diplomat
2020-10-11T21:02:18.514Z - Into the sync wallets calls and props ismugged unbending wiring fever roomy slug kiwi envy public peaches goodbye roped hickory dodge guide pests trolling haggled slid serving bikini moat muppet oatmeal serving
2020-10-11T21:02:18.514Z - Into the sync wallets calls and props ismugged unbending wiring fever roomy slug kiwi envy public peaches goodbye roped hickory dodge guide pests trolling haggled slid serving bikini moat muppet oatmeal serving
2020-10-11T21:02:18.514Z - Into the sync wallets calls and props isaided update gulp ungainly hacksaw tissue cucumber knuckle richly dosage godfather taboo exit menu navy lofty pause tipsy hobby doing ripped tawny nutshell pawnshop cucumber
2020-10-11T21:02:18.514Z - Into the sync wallets calls and props isaided update gulp ungainly hacksaw tissue cucumber knuckle richly dosage godfather taboo exit menu navy lofty pause tipsy hobby doing ripped tawny nutshell pawnshop cucumber
2020-10-11T21:06:52.563Z - mnemonic from moerojs isrally distance gemstone diplomat victim gnaw urchins upwards imagine lipstick cedar aunt border berries push evicted push fugitive natural etiquette arises puppy dogs eden diplomat
2020-10-11T21:06:55.943Z - mnemonic from moerojs ismugged unbending wiring fever roomy slug kiwi envy public peaches goodbye roped hickory dodge guide pests trolling haggled slid serving bikini moat muppet oatmeal serving
2020-10-11T21:06:59.221Z - mnemonic from moerojs isaided update gulp ungainly hacksaw tissue cucumber knuckle richly dosage godfather taboo exit menu navy lofty pause tipsy hobby doing ripped tawny nutshell pawnshop cucumber
2020-10-11T21:07:00.228Z - Into the sync wallets calls
2020-10-11T21:07:00.301Z - Opened Wallets exists for sure
2020-10-11T21:07:00.302Z - Into the sync wallets calls and props isrally distance gemstone diplomat victim gnaw urchins upwards imagine lipstick cedar aunt border berries push evicted push fugitive natural etiquette arises puppy dogs eden diplomat
2020-10-11T21:07:00.303Z - Into the sync wallets calls and props ismugged unbending wiring fever roomy slug kiwi envy public peaches goodbye roped hickory dodge guide pests trolling haggled slid serving bikini moat muppet oatmeal serving
2020-10-11T21:07:00.303Z - Into the sync wallets calls and props isaided update gulp ungainly hacksaw tissue cucumber knuckle richly dosage godfather taboo exit menu navy lofty pause tipsy hobby doing ripped tawny nutshell pawnshop cucumber
2020-10-11T21:30:17.676Z - mnemonic from moerojs isrally distance gemstone diplomat victim gnaw urchins upwards imagine lipstick cedar aunt border berries push evicted push fugitive natural etiquette arises puppy dogs eden diplomat
2020-10-11T21:30:49.989Z - mnemonic from moerojs isrally distance gemstone diplomat victim gnaw urchins upwards imagine lipstick cedar aunt border berries push evicted push fugitive natural etiquette arises puppy dogs eden diplomat
2020-10-11T21:30:53.539Z - mnemonic from moerojs ismugged unbending wiring fever roomy slug kiwi envy public peaches goodbye roped hickory dodge guide pests trolling haggled slid serving bikini moat muppet oatmeal serving
2020-10-11T21:30:56.308Z - mnemonic from moerojs isaided update gulp ungainly hacksaw tissue cucumber knuckle richly dosage godfather taboo exit menu navy lofty pause tipsy hobby doing ripped tawny nutshell pawnshop cucumber
2020-10-11T21:30:57.350Z - Into the sync wallets calls
2020-10-11T21:30:57.400Z - Opened Wallets exists for sure
2020-10-11T21:30:57.400Z - Into the sync wallets calls and props isrally distance gemstone diplomat victim gnaw urchins upwards imagine lipstick cedar aunt border berries push evicted push fugitive natural etiquette arises puppy dogs eden diplomat
2020-10-11T21:30:57.405Z - Into the sync wallets calls and props ismugged unbending wiring fever roomy slug kiwi envy public peaches goodbye roped hickory dodge guide pests trolling haggled slid serving bikini moat muppet oatmeal serving
2020-10-11T21:30:57.405Z - Into the sync wallets calls and props isaided update gulp ungainly hacksaw tissue cucumber knuckle richly dosage godfather taboo exit menu navy lofty pause tipsy hobby doing ripped tawny nutshell pawnshop cucumber
2020-10-12T10:41:39.261Z - mnemonic from moerojs isrally distance gemstone diplomat victim gnaw urchins upwards imagine lipstick cedar aunt border berries push evicted push fugitive natural etiquette arises puppy dogs eden diplomat
2020-10-12T10:41:44.711Z - mnemonic from moerojs ismugged unbending wiring fever roomy slug kiwi envy public peaches goodbye roped hickory dodge guide pests trolling haggled slid serving bikini moat muppet oatmeal serving
2020-10-12T10:41:49.760Z - mnemonic from moerojs isaided update gulp ungainly hacksaw tissue cucumber knuckle richly dosage godfather taboo exit menu navy lofty pause tipsy hobby doing ripped tawny nutshell pawnshop cucumber
2020-10-12T10:44:11.115Z - Into the sync wallets calls
2020-10-12T10:44:55.738Z - Opened Wallets exists for sure
2020-10-12T10:45:12.057Z - Into the sync wallets calls and props isrally distance gemstone diplomat victim gnaw urchins upwards imagine lipstick cedar aunt border berries push evicted push fugitive natural etiquette arises puppy dogs eden diplomat
2020-10-12T10:46:05.610Z - Into the sync wallets calls and props ismugged unbending wiring fever roomy slug kiwi envy public peaches goodbye roped hickory dodge guide pests trolling haggled slid serving bikini moat muppet oatmeal serving
2020-10-12T10:46:06.381Z - Into the sync wallets calls and props isaided update gulp ungainly hacksaw tissue cucumber knuckle richly dosage godfather taboo exit menu navy lofty pause tipsy hobby doing ripped tawny nutshell pawnshop cucumber
2020-10-12T10:48:06.584Z - mnemonic from moerojs isrally distance gemstone diplomat victim gnaw urchins upwards imagine lipstick cedar aunt border berries push evicted push fugitive natural etiquette arises puppy dogs eden diplomat
2020-10-12T10:58:55.713Z - mnemonic from moerojs ismugged unbending wiring fever roomy slug kiwi envy public peaches goodbye roped hickory dodge guide pests trolling haggled slid serving bikini moat muppet oatmeal serving
2020-10-12T10:59:01.702Z - mnemonic from moerojs isaided update gulp ungainly hacksaw tissue cucumber knuckle richly dosage godfather taboo exit menu navy lofty pause tipsy hobby doing ripped tawny nutshell pawnshop cucumber
2020-10-12T11:00:35.242Z - mnemonic from moerojs isrally distance gemstone diplomat victim gnaw urchins upwards imagine lipstick cedar aunt border berries push evicted push fugitive natural etiquette arises puppy dogs eden diplomat
2020-10-12T11:00:51.536Z - mnemonic from moerojs ismugged unbending wiring fever roomy slug kiwi envy public peaches goodbye roped hickory dodge guide pests trolling haggled slid serving bikini moat muppet oatmeal serving
2020-10-12T11:00:54.367Z - mnemonic from moerojs isaided update gulp ungainly hacksaw tissue cucumber knuckle richly dosage godfather taboo exit menu navy lofty pause tipsy hobby doing ripped tawny nutshell pawnshop cucumber
2020-10-12T11:01:12.694Z - Into the sync wallets calls
2020-10-12T11:01:17.084Z - Opened Wallets exists for sure
2020-10-12T11:01:22.211Z - Into the sync wallets calls and props isJKokyAOFkONpUFQxjZFPyZHCPwHEQGiY
2020-10-12T11:01:34.852Z - Into the sync wallets calls and props isJOLMRmLkhmuFYvMFYcNNNYsOIPFJbvSFZNh
2020-10-12T11:01:36.760Z - Into the sync wallets calls and props isazRfMTKcwmNWASPuAAQzyaPqxZxnGOrHJBM
2020-10-12T11:03:16.685Z - mnemonic from moerojs isrally distance gemstone diplomat victim gnaw urchins upwards imagine lipstick cedar aunt border berries push evicted push fugitive natural etiquette arises puppy dogs eden diplomat
2020-10-12T11:03:19.393Z - mnemonic from moerojs ismugged unbending wiring fever roomy slug kiwi envy public peaches goodbye roped hickory dodge guide pests trolling haggled slid serving bikini moat muppet oatmeal serving
2020-10-12T11:03:22.091Z - mnemonic from moerojs isaided update gulp ungainly hacksaw tissue cucumber knuckle richly dosage godfather taboo exit menu navy lofty pause tipsy hobby doing ripped tawny nutshell pawnshop cucumber
2020-10-12T11:03:34.400Z - Into the sync wallets calls
2020-10-12T11:03:36.648Z - Opened Wallets exists for sure
2020-10-12T11:03:37.426Z - Into the sync wallets calls and props isJKokyAOFkONpUFQxjZFPyZHCPwHEQGiY
2020-10-12T11:03:39.466Z - Into the sync wallets calls and props isJOLMRmLkhmuFYvMFYcNNNYsOIPFJbvSFZNh
2020-10-12T11:03:40.946Z - Into the sync wallets calls and props isazRfMTKcwmNWASPuAAQzyaPqxZxnGOrHJBM
2020-10-12T11:11:15.296Z - mnemonic from moerojs isrally distance gemstone diplomat victim gnaw urchins upwards imagine lipstick cedar aunt border berries push evicted push fugitive natural etiquette arises puppy dogs eden diplomat
2020-10-12T11:11:19.763Z - mnemonic from moerojs ismugged unbending wiring fever roomy slug kiwi envy public peaches goodbye roped hickory dodge guide pests trolling haggled slid serving bikini moat muppet oatmeal serving
2020-10-12T11:11:25.580Z - mnemonic from moerojs isaided update gulp ungainly hacksaw tissue cucumber knuckle richly dosage godfather taboo exit menu navy lofty pause tipsy hobby doing ripped tawny nutshell pawnshop cucumber
2020-10-12T11:11:34.586Z - Into the sync wallets calls
2020-10-12T11:11:35.948Z - Opened Wallets exists for sure
2020-10-12T11:11:36.898Z - Into the sync wallets calls and props isJKokyAOFkONpUFQxjZFPyZHCPwHEQGiY
2020-10-12T11:12:14.019Z - Into the sync wallets calls and props isJOLMRmLkhmuFYvMFYcNNNYsOIPFJbvSFZNh
2020-10-12T11:12:19.802Z - Into the sync wallets calls and props isazRfMTKcwmNWASPuAAQzyaPqxZxnGOrHJBM
2020-10-12T13:16:21.334Z - Create Progress: 2190000 |  33.90974772000474% | Synchronizing
2020-10-12T13:44:09.907Z - Create Progress: 2190000 |  33.89502762430939% | Synchronizing
2020-10-12T14:06:54.180Z - Create Progress: 2200000 |  73.35832675611681% | Synchronizing
2020-10-12T15:04:50.344Z - Create Progress: 2190000 |  33.817623434916136% | Synchronizing
2020-10-12T15:17:16.094Z - Create Progress: 2200000 |  73.19080242538783% | Synchronizing
2020-10-12T15:27:10.603Z - Wallet Synced: 2206809 |  100% | Synchronizing
2020-10-12T15:27:10.607Z - Wallet Synced: 2206810 |  100% | Synchronizing
2020-10-12T15:27:10.609Z - Wallet Synced: 2206811 |  100% | Synchronizing
2020-10-12T15:27:10.618Z - Wallet Synced: 2206812 |  100% | Synchronizing
2020-10-12T15:27:10.625Z - Wallet Synced: 2206813 |  100% | Synchronizing
2020-10-12T15:27:10.641Z - Wallet Synced: 2206814 |  100% | Synchronizing
2020-10-12T15:27:10.646Z - Wallet Synced: 2206815 |  100% | Synchronizing
2020-10-12T15:27:10.648Z - Wallet Synced: 2206816 |  100% | Synchronizing
2020-10-12T15:27:10.654Z - Wallet Synced: 2206817 |  100% | Synchronizing
2020-10-12T15:27:10.661Z - Wallet Synced: 2206818 |  100% | Synchronizing
2020-10-12T15:27:10.729Z - Wallet Synced: 2206819 |  100% | Synchronizing
2020-10-12T15:27:10.743Z - Wallet Synced: 2206820 |  100% | Synchronizing
2020-10-12T15:27:10.747Z - Wallet Synced: 2206821 |  100% | Synchronizing
2020-10-12T15:27:10.750Z - Wallet Synced: 2206822 |  100% | Synchronizing
2020-10-12T15:27:10.752Z - Wallet Synced: 2206823 |  100% | Synchronizing
2020-10-12T15:27:10.755Z - Wallet Synced: 2206824 |  100% | Synchronizing
2020-10-12T15:27:10.757Z - Wallet Synced: 2206825 |  100% | Synchronizing
2020-10-12T15:27:10.759Z - Wallet Synced: 2206826 |  100% | Synchronizing
2020-10-12T15:33:16.493Z - Wallet Synced: 2206827 |  100% | Synchronizing
2020-10-12T15:33:16.497Z - Wallet Synced: 2206828 |  100% | Synchronizing
2020-10-12T15:33:16.498Z - Wallet Synced: 2206829 |  100% | Synchronizing
2020-10-12T15:33:16.989Z - Wallet Synced: 2206830 |  100% | Synchronizing
2020-10-12T15:33:17.295Z - Wallet Synced: 2206831 |  100% | Synchronizing
2020-10-12T23:57:53.056Z - mnemonic from moerojs isrally distance gemstone diplomat victim gnaw urchins upwards imagine lipstick cedar aunt border berries push evicted push fugitive natural etiquette arises puppy dogs eden diplomat
2020-10-12T23:57:55.798Z - mnemonic from moerojs ismugged unbending wiring fever roomy slug kiwi envy public peaches goodbye roped hickory dodge guide pests trolling haggled slid serving bikini moat muppet oatmeal serving
2020-10-12T23:58:45.840Z - mnemonic from moerojs isrally distance gemstone diplomat victim gnaw urchins upwards imagine lipstick cedar aunt border berries push evicted push fugitive natural etiquette arises puppy dogs eden diplomat
2020-10-12T23:58:48.750Z - mnemonic from moerojs ismugged unbending wiring fever roomy slug kiwi envy public peaches goodbye roped hickory dodge guide pests trolling haggled slid serving bikini moat muppet oatmeal serving
2020-10-13T00:41:50.603Z - Create Progress: 2190000 |  33.38775510204081% | Synchronizing
2020-10-13T00:57:04.865Z - Create Progress: 2200000 |  72.26044703595724% | Synchronizing
2020-10-13T01:07:46.853Z - Wallet Synced: 2207136 |  100% | Synchronizing
2020-10-13T01:07:46.856Z - Wallet Synced: 2207137 |  100% | Synchronizing
2020-10-13T01:07:46.857Z - Wallet Synced: 2207138 |  100% | Synchronizing
2020-10-13T01:07:46.858Z - Wallet Synced: 2207139 |  100% | Synchronizing
2020-10-13T01:07:46.858Z - Wallet Synced: 2207140 |  100% | Synchronizing
2020-10-13T01:07:46.859Z - Wallet Synced: 2207141 |  100% | Synchronizing
2020-10-13T01:07:46.861Z - Wallet Synced: 2207142 |  100% | Synchronizing
2020-10-13T01:07:46.862Z - Wallet Synced: 2207143 |  100% | Synchronizing
2020-10-13T01:07:46.863Z - Wallet Synced: 2207144 |  100% | Synchronizing
2020-10-13T01:07:46.863Z - Wallet Synced: 2207145 |  100% | Synchronizing
2020-10-13T01:07:46.864Z - Wallet Synced: 2207146 |  100% | Synchronizing
2020-10-13T01:07:46.864Z - Wallet Synced: 2207147 |  100% | Synchronizing
2020-10-13T01:07:46.866Z - Wallet Synced: 2207148 |  100% | Synchronizing
2020-10-13T01:07:46.866Z - Wallet Synced: 2207149 |  100% | Synchronizing
2020-10-13T01:07:46.867Z - Wallet Synced: 2207150 |  100% | Synchronizing
2020-10-13T01:07:46.867Z - Wallet Synced: 2207151 |  100% | Synchronizing
2020-10-13T01:07:46.868Z - Wallet Synced: 2207152 |  100% | Synchronizing
2020-10-13T01:07:46.868Z - Wallet Synced: 2207153 |  100% | Synchronizing
2020-10-13T01:07:46.869Z - Wallet Synced: 2207154 |  100% | Synchronizing
2020-10-13T01:07:46.874Z - Wallet Synced: 2207155 |  100% | Synchronizing
2020-10-13T01:07:46.883Z - Wallet Synced: 2207156 |  100% | Synchronizing
2020-10-13T01:07:46.886Z - Wallet Synced: 2207157 |  100% | Synchronizing
2020-10-13T01:14:19.610Z - Wallet Synced: 2207158 |  100% | Synchronizing
2020-10-13T01:14:19.612Z - Wallet Synced: 2207159 |  100% | Synchronizing
2020-10-13T01:14:19.613Z - Wallet Synced: 2207160 |  100% | Synchronizing
2020-10-13T01:14:19.613Z - Wallet Synced: 2207161 |  100% | Synchronizing
2020-10-13T01:14:19.614Z - Wallet Synced: 2207162 |  100% | Synchronizing
2020-10-13T01:25:37.729Z - Create Progress: 2190000 |  31.795422031473535% | Synchronizing
2020-10-13T01:40:49.849Z - Create Progress: 2200000 |  71.53473215704975% | Synchronizing
2020-10-13T01:49:35.909Z - Wallet Synced: 2207163 |  100% | Synchronizing
2020-10-13T01:49:35.913Z - Wallet Synced: 2207164 |  100% | Synchronizing
2020-10-13T01:49:35.914Z - Wallet Synced: 2207165 |  100% | Synchronizing
2020-10-13T01:49:35.915Z - Wallet Synced: 2207166 |  100% | Synchronizing
2020-10-13T01:49:35.915Z - Wallet Synced: 2207167 |  100% | Synchronizing
2020-10-13T01:49:35.916Z - Wallet Synced: 2207168 |  100% | Synchronizing
2020-10-13T01:49:35.916Z - Wallet Synced: 2207169 |  100% | Synchronizing
2020-10-13T01:49:35.917Z - Wallet Synced: 2207170 |  100% | Synchronizing
2020-10-13T01:49:35.918Z - Wallet Synced: 2207171 |  100% | Synchronizing
2020-10-13T01:49:35.918Z - Wallet Synced: 2207172 |  100% | Synchronizing
2020-10-13T01:49:35.918Z - Wallet Synced: 2207173 |  100% | Synchronizing
2020-10-13T01:49:35.919Z - Wallet Synced: 2207174 |  100% | Synchronizing
2020-10-13T01:49:35.919Z - Wallet Synced: 2207175 |  100% | Synchronizing
2020-10-13T01:49:35.920Z - Wallet Synced: 2207176 |  100% | Synchronizing
2020-10-13T01:49:35.920Z - Wallet Synced: 2207177 |  100% | Synchronizing
2020-10-13T01:49:35.920Z - Wallet Synced: 2207178 |  100% | Synchronizing
2020-10-13T01:49:35.921Z - Wallet Synced: 2207179 |  100% | Synchronizing
2020-10-13T01:49:35.921Z - Wallet Synced: 2207180 |  100% | Synchronizing
2020-10-13T01:49:35.921Z - Wallet Synced: 2207181 |  100% | Synchronizing
2020-10-13T01:49:35.922Z - Wallet Synced: 2207182 |  100% | Synchronizing
2020-10-13T01:49:35.922Z - Wallet Synced: 2207183 |  100% | Synchronizing
2020-10-13T01:49:35.922Z - Wallet Synced: 2207184 |  100% | Synchronizing
2020-10-13T01:49:35.923Z - Wallet Synced: 2207185 |  100% | Synchronizing
2020-10-13T01:49:35.924Z - Wallet Synced: 2207186 |  100% | Synchronizing
